2024-12-03 13:30:11 - #----------Config info----------#
2024-12-03 13:30:11 - network: malunet,
2024-12-03 13:30:11 - model_config: {'num_classes': 1, 'input_channels': 3, 'c_list': [8, 16, 24, 32, 48, 64], 'split_att': 'fc', 'bridge': True},
2024-12-03 13:30:11 - test_weights: ,
2024-12-03 13:30:11 - DATASET_PATH: /home/dongha/cs5805/datasets/,
2024-12-03 13:30:11 - datasets: busi,
2024-12-03 13:30:11 - data_path: /home/dongha/cs5805/datasets/BUSI/,
2024-12-03 13:30:11 - criterion: BceDiceLoss(
  (bce): BCELoss(
    (bceloss): BCELoss()
  )
  (dice): DiceLoss()
),
2024-12-03 13:30:11 - num_classes: 1,
2024-12-03 13:30:11 - input_size_h: 256,
2024-12-03 13:30:11 - input_size_w: 256,
2024-12-03 13:30:11 - input_channels: 3,
2024-12-03 13:30:11 - distributed: False,
2024-12-03 13:30:11 - local_rank: -1,
2024-12-03 13:30:11 - num_workers: 0,
2024-12-03 13:30:11 - seed: 42,
2024-12-03 13:30:11 - world_size: None,
2024-12-03 13:30:11 - rank: None,
2024-12-03 13:30:11 - amp: False,
2024-12-03 13:30:11 - batch_size: 8,
2024-12-03 13:30:11 - epochs: 50,
2024-12-03 13:30:11 - work_dir: results/malunet_busi_Tuesday_03_December_2024_13h_30m_11s/,
2024-12-03 13:30:11 - print_interval: 20,
2024-12-03 13:30:11 - val_interval: 30,
2024-12-03 13:30:11 - save_interval: 100,
2024-12-03 13:30:11 - threshold: 0.5,
2024-12-03 13:30:11 - train_transformer: Compose(
    <utils.myNormalize object at 0x7fa6d1aa7828>
    <utils.myToTensor object at 0x7fa6d1aa7f60>
    <utils.myRandomHorizontalFlip object at 0x7fa6d25bfcc0>
    <utils.myRandomVerticalFlip object at 0x7fa6d21f0c88>
    <utils.myRandomRotation object at 0x7fa6d1aba4a8>
    <utils.myResize object at 0x7fa6d1ac0940>
),
2024-12-03 13:30:11 - test_transformer: Compose(
    <utils.myNormalize object at 0x7fa6d150e358>
    <utils.myToTensor object at 0x7fa6d150e390>
    <utils.myResize object at 0x7fa6d150e3c8>
),
2024-12-03 13:30:11 - opt: AdamW,
2024-12-03 13:30:11 - lr: 0.001,
2024-12-03 13:30:11 - betas: (0.9, 0.999),
2024-12-03 13:30:11 - eps: 1e-08,
2024-12-03 13:30:11 - weight_decay: 0.01,
2024-12-03 13:30:11 - amsgrad: False,
2024-12-03 13:30:11 - sch: CosineAnnealingLR,
2024-12-03 13:30:11 - T_max: 50,
2024-12-03 13:30:11 - eta_min: 1e-05,
2024-12-03 13:30:11 - last_epoch: -1,
2024-12-03 13:30:17 - train: epoch 1, iter:0, loss: 2.8738, lr: 0.001
2024-12-03 13:30:20 - train: epoch 1, iter:20, loss: 1.6271, lr: 0.001
2024-12-03 13:30:24 - train: epoch 1, iter:40, loss: 1.4289, lr: 0.001
2024-12-03 13:30:28 - train: epoch 1, iter:60, loss: 1.3422, lr: 0.001
2024-12-03 13:30:35 - val epoch: 1, loss: 1.1365
2024-12-03 13:30:35 - train: epoch 2, iter:0, loss: 1.0547, lr: 0.0009990232305719944
2024-12-03 13:30:40 - train: epoch 2, iter:20, loss: 1.1083, lr: 0.0009990232305719944
2024-12-03 13:30:44 - train: epoch 2, iter:40, loss: 1.1042, lr: 0.0009990232305719944
2024-12-03 13:30:47 - train: epoch 2, iter:60, loss: 1.1079, lr: 0.0009990232305719944
2024-12-03 13:30:54 - val epoch: 2, loss: 1.0785
2024-12-03 13:30:54 - train: epoch 3, iter:0, loss: 1.0818, lr: 0.0009960967771506664
2024-12-03 13:30:58 - train: epoch 3, iter:20, loss: 1.0823, lr: 0.0009960967771506664
2024-12-03 13:31:03 - train: epoch 3, iter:40, loss: 1.0859, lr: 0.0009960967771506664
2024-12-03 13:31:08 - train: epoch 3, iter:60, loss: 1.0838, lr: 0.0009960967771506664
2024-12-03 13:31:15 - val epoch: 3, loss: 1.0803
2024-12-03 13:31:15 - train: epoch 4, iter:0, loss: 1.1119, lr: 0.0009912321891107007
2024-12-03 13:31:20 - train: epoch 4, iter:20, loss: 1.0584, lr: 0.0009912321891107007
2024-12-03 13:31:24 - train: epoch 4, iter:40, loss: 1.0781, lr: 0.0009912321891107007
2024-12-03 13:31:28 - train: epoch 4, iter:60, loss: 1.0784, lr: 0.0009912321891107007
2024-12-03 13:31:35 - val epoch: 4, loss: 1.0597
2024-12-03 13:31:35 - train: epoch 5, iter:0, loss: 0.9461, lr: 0.0009844486647586721
2024-12-03 13:31:39 - train: epoch 5, iter:20, loss: 1.0742, lr: 0.0009844486647586721
2024-12-03 13:31:43 - train: epoch 5, iter:40, loss: 1.0695, lr: 0.0009844486647586721
2024-12-03 13:31:47 - train: epoch 5, iter:60, loss: 1.0703, lr: 0.0009844486647586721
2024-12-03 13:31:54 - val epoch: 5, loss: 1.0543
2024-12-03 13:31:55 - train: epoch 6, iter:0, loss: 1.0424, lr: 0.0009757729755661009
2024-12-03 13:31:58 - train: epoch 6, iter:20, loss: 1.0589, lr: 0.0009757729755661009
2024-12-03 13:32:02 - train: epoch 6, iter:40, loss: 1.0655, lr: 0.0009757729755661009
2024-12-03 13:32:07 - train: epoch 6, iter:60, loss: 1.0647, lr: 0.0009757729755661009
2024-12-03 13:32:14 - val epoch: 6, loss: 1.0689
2024-12-03 13:32:14 - train: epoch 7, iter:0, loss: 1.0935, lr: 0.0009652393605146842
2024-12-03 13:32:18 - train: epoch 7, iter:20, loss: 1.0588, lr: 0.0009652393605146842
2024-12-03 13:32:22 - train: epoch 7, iter:40, loss: 1.0584, lr: 0.0009652393605146842
2024-12-03 13:32:26 - train: epoch 7, iter:60, loss: 1.0664, lr: 0.0009652393605146842
2024-12-03 13:32:34 - val epoch: 7, loss: 1.0324
2024-12-03 13:32:34 - train: epoch 8, iter:0, loss: 1.1149, lr: 0.0009528893909706795
2024-12-03 13:32:37 - train: epoch 8, iter:20, loss: 1.0855, lr: 0.0009528893909706795
2024-12-03 13:32:41 - train: epoch 8, iter:40, loss: 1.0734, lr: 0.0009528893909706795
2024-12-03 13:32:46 - train: epoch 8, iter:60, loss: 1.0690, lr: 0.0009528893909706795
2024-12-03 13:32:52 - val epoch: 8, loss: 1.0334
2024-12-03 13:32:53 - train: epoch 9, iter:0, loss: 1.0906, lr: 0.0009387718066217122
2024-12-03 13:32:56 - train: epoch 9, iter:20, loss: 1.0390, lr: 0.0009387718066217122
2024-12-03 13:33:00 - train: epoch 9, iter:40, loss: 1.0555, lr: 0.0009387718066217122
2024-12-03 13:33:04 - train: epoch 9, iter:60, loss: 1.0560, lr: 0.0009387718066217122
2024-12-03 13:33:12 - val epoch: 9, loss: 1.0405
2024-12-03 13:33:12 - train: epoch 10, iter:0, loss: 1.0372, lr: 0.0009229423231234972
2024-12-03 13:33:16 - train: epoch 10, iter:20, loss: 1.0444, lr: 0.0009229423231234972
2024-12-03 13:33:19 - train: epoch 10, iter:40, loss: 1.0520, lr: 0.0009229423231234972
2024-12-03 13:33:24 - train: epoch 10, iter:60, loss: 1.0505, lr: 0.0009229423231234972
2024-12-03 13:33:31 - val epoch: 10, loss: 1.0369
2024-12-03 13:33:31 - train: epoch 11, iter:0, loss: 1.0642, lr: 0.0009054634122155987
2024-12-03 13:33:34 - train: epoch 11, iter:20, loss: 1.0602, lr: 0.0009054634122155987
2024-12-03 13:33:38 - train: epoch 11, iter:40, loss: 1.0544, lr: 0.0009054634122155987
2024-12-03 13:33:43 - train: epoch 11, iter:60, loss: 1.0552, lr: 0.0009054634122155987
2024-12-03 13:33:50 - val epoch: 11, loss: 1.0371
2024-12-03 13:33:50 - train: epoch 12, iter:0, loss: 1.0098, lr: 0.0008864040551740153
2024-12-03 13:33:54 - train: epoch 12, iter:20, loss: 1.0592, lr: 0.0008864040551740153
2024-12-03 13:33:58 - train: epoch 12, iter:40, loss: 1.0534, lr: 0.0008864040551740153
2024-12-03 13:34:02 - train: epoch 12, iter:60, loss: 1.0554, lr: 0.0008864040551740153
2024-12-03 13:34:10 - val epoch: 12, loss: 1.0546
2024-12-03 13:34:10 - train: epoch 13, iter:0, loss: 1.0182, lr: 0.0008658394705735984
2024-12-03 13:34:13 - train: epoch 13, iter:20, loss: 1.0431, lr: 0.0008658394705735984
2024-12-03 13:34:18 - train: epoch 13, iter:40, loss: 1.0509, lr: 0.0008658394705735984
2024-12-03 13:34:22 - train: epoch 13, iter:60, loss: 1.0472, lr: 0.0008658394705735984
2024-12-03 13:34:30 - val epoch: 13, loss: 1.0464
2024-12-03 13:34:30 - train: epoch 14, iter:0, loss: 1.1391, lr: 0.0008438508174347006
2024-12-03 13:34:33 - train: epoch 14, iter:20, loss: 1.0302, lr: 0.0008438508174347006
2024-12-03 13:34:38 - train: epoch 14, iter:40, loss: 1.0385, lr: 0.0008438508174347006
2024-12-03 13:34:42 - train: epoch 14, iter:60, loss: 1.0501, lr: 0.0008438508174347006
2024-12-03 13:34:50 - val epoch: 14, loss: 1.0353
2024-12-03 13:34:50 - train: epoch 15, iter:0, loss: 0.9991, lr: 0.000820524874925601
2024-12-03 13:34:53 - train: epoch 15, iter:20, loss: 1.0464, lr: 0.000820524874925601
2024-12-03 13:34:57 - train: epoch 15, iter:40, loss: 1.0487, lr: 0.000820524874925601
2024-12-03 13:35:01 - train: epoch 15, iter:60, loss: 1.0568, lr: 0.000820524874925601
2024-12-03 13:35:09 - val epoch: 15, loss: 1.0412
2024-12-03 13:35:09 - train: epoch 16, iter:0, loss: 1.0246, lr: 0.000795953699884774
2024-12-03 13:35:12 - train: epoch 16, iter:20, loss: 1.0665, lr: 0.000795953699884774
2024-12-03 13:35:17 - train: epoch 16, iter:40, loss: 1.0569, lr: 0.000795953699884774
2024-12-03 13:35:21 - train: epoch 16, iter:60, loss: 1.0443, lr: 0.000795953699884774
2024-12-03 13:35:29 - val epoch: 16, loss: 1.0472
2024-12-03 13:35:29 - train: epoch 17, iter:0, loss: 1.0709, lr: 0.000770234263514603
2024-12-03 13:35:34 - train: epoch 17, iter:20, loss: 1.0503, lr: 0.000770234263514603
2024-12-03 13:35:38 - train: epoch 17, iter:40, loss: 1.0465, lr: 0.000770234263514603
2024-12-03 13:35:41 - train: epoch 17, iter:60, loss: 1.0486, lr: 0.000770234263514603
2024-12-03 13:35:48 - val epoch: 17, loss: 1.0439
2024-12-03 13:35:49 - train: epoch 18, iter:0, loss: 0.9296, lr: 0.0007434680686803488
2024-12-03 13:35:52 - train: epoch 18, iter:20, loss: 1.0428, lr: 0.0007434680686803488
2024-12-03 13:35:56 - train: epoch 18, iter:40, loss: 1.0370, lr: 0.0007434680686803488
2024-12-03 13:36:01 - train: epoch 18, iter:60, loss: 1.0459, lr: 0.0007434680686803488
2024-12-03 13:36:08 - val epoch: 18, loss: 1.0483
2024-12-03 13:36:09 - train: epoch 19, iter:0, loss: 1.0324, lr: 0.0007157607493247108
2024-12-03 13:36:12 - train: epoch 19, iter:20, loss: 1.0419, lr: 0.0007157607493247108
2024-12-03 13:36:16 - train: epoch 19, iter:40, loss: 1.0422, lr: 0.0007157607493247108
2024-12-03 13:36:21 - train: epoch 19, iter:60, loss: 1.0415, lr: 0.0007157607493247108
2024-12-03 13:36:27 - val epoch: 19, loss: 1.0458
2024-12-03 13:36:27 - train: epoch 20, iter:0, loss: 0.9800, lr: 0.0006872216535789154
2024-12-03 13:36:32 - train: epoch 20, iter:20, loss: 1.0327, lr: 0.0006872216535789154
2024-12-03 13:36:36 - train: epoch 20, iter:40, loss: 1.0319, lr: 0.0006872216535789154
2024-12-03 13:36:40 - train: epoch 20, iter:60, loss: 1.0430, lr: 0.0006872216535789154
2024-12-03 13:36:47 - val epoch: 20, loss: 1.0254
2024-12-03 13:36:47 - train: epoch 21, iter:0, loss: 1.0612, lr: 0.0006579634122155987
2024-12-03 13:36:51 - train: epoch 21, iter:20, loss: 1.0307, lr: 0.0006579634122155987
2024-12-03 13:36:55 - train: epoch 21, iter:40, loss: 1.0361, lr: 0.0006579634122155987
2024-12-03 13:36:59 - train: epoch 21, iter:60, loss: 1.0423, lr: 0.0006579634122155987
2024-12-03 13:37:07 - val epoch: 21, loss: 1.0314
2024-12-03 13:37:07 - train: epoch 22, iter:0, loss: 1.0215, lr: 0.0006281014941466028
2024-12-03 13:37:11 - train: epoch 22, iter:20, loss: 1.0536, lr: 0.0006281014941466028
2024-12-03 13:37:15 - train: epoch 22, iter:40, loss: 1.0477, lr: 0.0006281014941466028
2024-12-03 13:37:20 - train: epoch 22, iter:60, loss: 1.0525, lr: 0.0006281014941466028
2024-12-03 13:37:27 - val epoch: 22, loss: 1.0356
2024-12-03 13:37:28 - train: epoch 23, iter:0, loss: 0.9568, lr: 0.0005977537507199335
2024-12-03 13:37:32 - train: epoch 23, iter:20, loss: 1.0229, lr: 0.0005977537507199335
2024-12-03 13:37:37 - train: epoch 23, iter:40, loss: 1.0333, lr: 0.0005977537507199335
2024-12-03 13:37:40 - train: epoch 23, iter:60, loss: 1.0398, lr: 0.0005977537507199335
2024-12-03 13:37:47 - val epoch: 23, loss: 1.0311
2024-12-03 13:37:47 - train: epoch 24, iter:0, loss: 0.9105, lr: 0.0005670399506143305
2024-12-03 13:37:52 - train: epoch 24, iter:20, loss: 1.0453, lr: 0.0005670399506143305
2024-12-03 13:37:56 - train: epoch 24, iter:40, loss: 1.0421, lr: 0.0005670399506143305
2024-12-03 13:38:00 - train: epoch 24, iter:60, loss: 1.0423, lr: 0.0005670399506143305
2024-12-03 13:38:07 - val epoch: 24, loss: 1.0485
2024-12-03 13:38:07 - train: epoch 25, iter:0, loss: 1.0097, lr: 0.0005360813071670099
2024-12-03 13:38:11 - train: epoch 25, iter:20, loss: 1.0457, lr: 0.0005360813071670099
2024-12-03 13:38:14 - train: epoch 25, iter:40, loss: 1.0357, lr: 0.0005360813071670099
2024-12-03 13:38:19 - train: epoch 25, iter:60, loss: 1.0448, lr: 0.0005360813071670099
2024-12-03 13:38:26 - val epoch: 25, loss: 1.0431
2024-12-03 13:38:27 - train: epoch 26, iter:0, loss: 1.0584, lr: 0.0005049999999999998
2024-12-03 13:38:30 - train: epoch 26, iter:20, loss: 1.0543, lr: 0.0005049999999999998
2024-12-03 13:38:34 - train: epoch 26, iter:40, loss: 1.0391, lr: 0.0005049999999999998
2024-12-03 13:38:38 - train: epoch 26, iter:60, loss: 1.0438, lr: 0.0005049999999999998
2024-12-03 13:38:45 - val epoch: 26, loss: 1.0448
2024-12-03 13:38:45 - train: epoch 27, iter:0, loss: 1.0921, lr: 0.0004739186928329897
2024-12-03 13:38:49 - train: epoch 27, iter:20, loss: 1.0461, lr: 0.0004739186928329897
2024-12-03 13:38:53 - train: epoch 27, iter:40, loss: 1.0333, lr: 0.0004739186928329897
2024-12-03 13:38:57 - train: epoch 27, iter:60, loss: 1.0403, lr: 0.0004739186928329897
2024-12-03 13:39:03 - val epoch: 27, loss: 1.0410
2024-12-03 13:39:03 - train: epoch 28, iter:0, loss: 1.0646, lr: 0.0004429600493856692
2024-12-03 13:39:08 - train: epoch 28, iter:20, loss: 1.0257, lr: 0.0004429600493856692
2024-12-03 13:39:13 - train: epoch 28, iter:40, loss: 1.0310, lr: 0.0004429600493856692
2024-12-03 13:39:17 - train: epoch 28, iter:60, loss: 1.0327, lr: 0.0004429600493856692
2024-12-03 13:39:24 - val epoch: 28, loss: 1.0393
2024-12-03 13:39:25 - train: epoch 29, iter:0, loss: 1.0685, lr: 0.0004122462492800661
2024-12-03 13:39:28 - train: epoch 29, iter:20, loss: 1.0273, lr: 0.0004122462492800661
2024-12-03 13:39:32 - train: epoch 29, iter:40, loss: 1.0263, lr: 0.0004122462492800661
2024-12-03 13:39:36 - train: epoch 29, iter:60, loss: 1.0358, lr: 0.0004122462492800661
2024-12-03 13:39:44 - val epoch: 29, loss: 1.0456
2024-12-03 13:39:44 - train: epoch 30, iter:0, loss: 1.0972, lr: 0.0003818985058533967
2024-12-03 13:39:48 - train: epoch 30, iter:20, loss: 1.0421, lr: 0.0003818985058533967
2024-12-03 13:39:51 - train: epoch 30, iter:40, loss: 1.0246, lr: 0.0003818985058533967
2024-12-03 13:39:56 - train: epoch 30, iter:60, loss: 1.0267, lr: 0.0003818985058533967
2024-12-03 13:40:10 - val epoch: 30, loss: 1.0257, miou: 0.1935475666208841, f1_or_dsc: 0.3243231724209315, accuracy: 0.8901629473711993,                 specificity: 0.9406097554951507, sensitivity: 0.3228221509557839, confusion_matrix: [[10472876   661259]
 [  670423   319602]]
2024-12-03 13:40:10 - train: epoch 31, iter:0, loss: 0.9473, lr: 0.00035203658778440103
2024-12-03 13:40:13 - train: epoch 31, iter:20, loss: 1.0008, lr: 0.00035203658778440103
2024-12-03 13:40:18 - train: epoch 31, iter:40, loss: 1.0201, lr: 0.00035203658778440103
2024-12-03 13:40:22 - train: epoch 31, iter:60, loss: 1.0242, lr: 0.00035203658778440103
2024-12-03 13:40:29 - val epoch: 31, loss: 1.0299
2024-12-03 13:40:30 - train: epoch 32, iter:0, loss: 1.0590, lr: 0.00032277834642108444
2024-12-03 13:40:34 - train: epoch 32, iter:20, loss: 1.0636, lr: 0.00032277834642108444
2024-12-03 13:40:39 - train: epoch 32, iter:40, loss: 1.0421, lr: 0.00032277834642108444
2024-12-03 13:40:44 - train: epoch 32, iter:60, loss: 1.0384, lr: 0.00032277834642108444
2024-12-03 13:40:50 - val epoch: 32, loss: 1.0366
2024-12-03 13:40:51 - train: epoch 33, iter:0, loss: 1.2059, lr: 0.0002942392506752889
2024-12-03 13:40:55 - train: epoch 33, iter:20, loss: 1.0516, lr: 0.0002942392506752889
2024-12-03 13:41:00 - train: epoch 33, iter:40, loss: 1.0487, lr: 0.0002942392506752889
2024-12-03 13:41:04 - train: epoch 33, iter:60, loss: 1.0392, lr: 0.0002942392506752889
2024-12-03 13:41:10 - val epoch: 33, loss: 1.0305
2024-12-03 13:41:11 - train: epoch 34, iter:0, loss: 1.1281, lr: 0.00026653193131965077
2024-12-03 13:41:16 - train: epoch 34, iter:20, loss: 1.0240, lr: 0.00026653193131965077
2024-12-03 13:41:19 - train: epoch 34, iter:40, loss: 1.0164, lr: 0.00026653193131965077
2024-12-03 13:41:23 - train: epoch 34, iter:60, loss: 1.0202, lr: 0.00026653193131965077
2024-12-03 13:41:30 - val epoch: 34, loss: 1.0420
2024-12-03 13:41:30 - train: epoch 35, iter:0, loss: 0.9686, lr: 0.00023976573648539642
2024-12-03 13:41:34 - train: epoch 35, iter:20, loss: 1.0291, lr: 0.00023976573648539642
2024-12-03 13:41:38 - train: epoch 35, iter:40, loss: 1.0263, lr: 0.00023976573648539642
2024-12-03 13:41:43 - train: epoch 35, iter:60, loss: 1.0303, lr: 0.00023976573648539642
2024-12-03 13:41:50 - val epoch: 35, loss: 1.0345
2024-12-03 13:41:51 - train: epoch 36, iter:0, loss: 1.0685, lr: 0.00021404630011522574
2024-12-03 13:41:54 - train: epoch 36, iter:20, loss: 1.0124, lr: 0.00021404630011522574
2024-12-03 13:41:58 - train: epoch 36, iter:40, loss: 1.0195, lr: 0.00021404630011522574
2024-12-03 13:42:02 - train: epoch 36, iter:60, loss: 1.0233, lr: 0.00021404630011522574
2024-12-03 13:42:09 - val epoch: 36, loss: 1.0396
2024-12-03 13:42:10 - train: epoch 37, iter:0, loss: 0.9855, lr: 0.00018947512507439847
2024-12-03 13:42:13 - train: epoch 37, iter:20, loss: 1.0111, lr: 0.00018947512507439847
2024-12-03 13:42:16 - train: epoch 37, iter:40, loss: 1.0241, lr: 0.00018947512507439847
2024-12-03 13:42:21 - train: epoch 37, iter:60, loss: 1.0186, lr: 0.00018947512507439847
2024-12-03 13:42:28 - val epoch: 37, loss: 1.0461
2024-12-03 13:42:29 - train: epoch 38, iter:0, loss: 1.1668, lr: 0.000166149182565299
2024-12-03 13:42:32 - train: epoch 38, iter:20, loss: 1.0108, lr: 0.000166149182565299
2024-12-03 13:42:36 - train: epoch 38, iter:40, loss: 1.0073, lr: 0.000166149182565299
2024-12-03 13:42:40 - train: epoch 38, iter:60, loss: 1.0118, lr: 0.000166149182565299
2024-12-03 13:42:47 - val epoch: 38, loss: 1.0520
2024-12-03 13:42:48 - train: epoch 39, iter:0, loss: 1.0453, lr: 0.00014416052942640132
2024-12-03 13:42:51 - train: epoch 39, iter:20, loss: 1.0016, lr: 0.00014416052942640132
2024-12-03 13:42:55 - train: epoch 39, iter:40, loss: 0.9924, lr: 0.00014416052942640132
2024-12-03 13:42:59 - train: epoch 39, iter:60, loss: 1.0007, lr: 0.00014416052942640132
2024-12-03 13:43:06 - val epoch: 39, loss: 1.0442
2024-12-03 13:43:06 - train: epoch 40, iter:0, loss: 1.0177, lr: 0.00012359594482598432
2024-12-03 13:43:10 - train: epoch 40, iter:20, loss: 0.9899, lr: 0.00012359594482598432
2024-12-03 13:43:13 - train: epoch 40, iter:40, loss: 1.0041, lr: 0.00012359594482598432
2024-12-03 13:43:18 - train: epoch 40, iter:60, loss: 1.0110, lr: 0.00012359594482598432
2024-12-03 13:43:25 - val epoch: 40, loss: 1.0470
2024-12-03 13:43:26 - train: epoch 41, iter:0, loss: 0.9720, lr: 0.00010453658778440102
2024-12-03 13:43:29 - train: epoch 41, iter:20, loss: 0.9963, lr: 0.00010453658778440102
2024-12-03 13:43:33 - train: epoch 41, iter:40, loss: 1.0081, lr: 0.00010453658778440102
2024-12-03 13:43:38 - train: epoch 41, iter:60, loss: 1.0100, lr: 0.00010453658778440102
2024-12-03 13:43:45 - val epoch: 41, loss: 1.0531
2024-12-03 13:43:45 - train: epoch 42, iter:0, loss: 1.0867, lr: 8.70576768765026e-05
2024-12-03 13:43:49 - train: epoch 42, iter:20, loss: 0.9920, lr: 8.70576768765026e-05
2024-12-03 13:43:53 - train: epoch 42, iter:40, loss: 1.0009, lr: 8.70576768765026e-05
2024-12-03 13:43:57 - train: epoch 42, iter:60, loss: 1.0019, lr: 8.70576768765026e-05
2024-12-03 13:44:04 - val epoch: 42, loss: 1.0512
2024-12-03 13:44:05 - train: epoch 43, iter:0, loss: 1.0786, lr: 7.12281933782875e-05
2024-12-03 13:44:08 - train: epoch 43, iter:20, loss: 1.0012, lr: 7.12281933782875e-05
2024-12-03 13:44:12 - train: epoch 43, iter:40, loss: 1.0050, lr: 7.12281933782875e-05
2024-12-03 13:44:16 - train: epoch 43, iter:60, loss: 0.9912, lr: 7.12281933782875e-05
2024-12-03 13:44:23 - val epoch: 43, loss: 1.0542
2024-12-03 13:44:24 - train: epoch 44, iter:0, loss: 1.0155, lr: 5.71106090293204e-05
2024-12-03 13:44:27 - train: epoch 44, iter:20, loss: 1.0022, lr: 5.71106090293204e-05
2024-12-03 13:44:31 - train: epoch 44, iter:40, loss: 0.9994, lr: 5.71106090293204e-05
2024-12-03 13:44:36 - train: epoch 44, iter:60, loss: 1.0020, lr: 5.71106090293204e-05
2024-12-03 13:44:43 - val epoch: 44, loss: 1.0572
2024-12-03 13:44:43 - train: epoch 45, iter:0, loss: 0.9435, lr: 4.4760639485315563e-05
2024-12-03 13:44:47 - train: epoch 45, iter:20, loss: 1.0063, lr: 4.4760639485315563e-05
2024-12-03 13:44:50 - train: epoch 45, iter:40, loss: 0.9950, lr: 4.4760639485315563e-05
2024-12-03 13:44:55 - train: epoch 45, iter:60, loss: 0.9986, lr: 4.4760639485315563e-05
2024-12-03 13:45:02 - val epoch: 45, loss: 1.0585
2024-12-03 13:45:03 - train: epoch 46, iter:0, loss: 1.0909, lr: 3.422702443389899e-05
2024-12-03 13:45:06 - train: epoch 46, iter:20, loss: 1.0320, lr: 3.422702443389899e-05
2024-12-03 13:45:09 - train: epoch 46, iter:40, loss: 1.0111, lr: 3.422702443389899e-05
2024-12-03 13:45:14 - train: epoch 46, iter:60, loss: 0.9949, lr: 3.422702443389899e-05
2024-12-03 13:45:21 - val epoch: 46, loss: 1.0609
2024-12-03 13:45:22 - train: epoch 47, iter:0, loss: 0.9718, lr: 2.5551335241327665e-05
2024-12-03 13:45:25 - train: epoch 47, iter:20, loss: 0.9776, lr: 2.5551335241327665e-05
2024-12-03 13:45:28 - train: epoch 47, iter:40, loss: 0.9853, lr: 2.5551335241327665e-05
2024-12-03 13:45:33 - train: epoch 47, iter:60, loss: 0.9950, lr: 2.5551335241327665e-05
2024-12-03 13:45:40 - val epoch: 47, loss: 1.0633
2024-12-03 13:45:41 - train: epoch 48, iter:0, loss: 1.1022, lr: 1.876781088929908e-05
2024-12-03 13:45:44 - train: epoch 48, iter:20, loss: 0.9858, lr: 1.876781088929908e-05
2024-12-03 13:45:48 - train: epoch 48, iter:40, loss: 0.9861, lr: 1.876781088929908e-05
2024-12-03 13:45:53 - train: epoch 48, iter:60, loss: 0.9797, lr: 1.876781088929908e-05
2024-12-03 13:46:00 - val epoch: 48, loss: 1.0631
2024-12-03 13:46:00 - train: epoch 49, iter:0, loss: 0.9677, lr: 1.3903222849333505e-05
2024-12-03 13:46:04 - train: epoch 49, iter:20, loss: 0.9728, lr: 1.3903222849333505e-05
2024-12-03 13:46:08 - train: epoch 49, iter:40, loss: 0.9838, lr: 1.3903222849333505e-05
2024-12-03 13:46:12 - train: epoch 49, iter:60, loss: 0.9779, lr: 1.3903222849333505e-05
2024-12-03 13:46:20 - val epoch: 49, loss: 1.0638
2024-12-03 13:46:20 - train: epoch 50, iter:0, loss: 1.0407, lr: 1.0976769428005579e-05
2024-12-03 13:46:23 - train: epoch 50, iter:20, loss: 1.0133, lr: 1.0976769428005579e-05
2024-12-03 13:46:27 - train: epoch 50, iter:40, loss: 1.0006, lr: 1.0976769428005579e-05
2024-12-03 13:46:32 - train: epoch 50, iter:60, loss: 0.9847, lr: 1.0976769428005579e-05
2024-12-03 13:46:39 - val epoch: 50, loss: 1.0648
2024-12-03 13:46:51 - test of best model, loss: 1.0254,miou: 0.19453029894713367, f1_or_dsc: 0.3257017408743736, accuracy: 0.8927627975876267,                 specificity: 0.9439435573576214, sensitivity: 0.3171677482891846, confusion_matrix: [[10509995   624140]
 [  676021   314004]]
